<?xml version="1.0" encoding="UTF-8"?>
<testsuite xmlns:xsi="http://www.w3.org/2001/XMLSchema-instance" xsi:noNamespaceSchemaLocation="https://maven.apache.org/surefire/maven-surefire-plugin/xsd/surefire-test-report-3.0.xsd" version="3.0" name="TestSuite" time="40.721" tests="4" errors="0" skipped="0" failures="0">
  <properties>
[...]
</properties>
  <testcase name="runScenario[&quot;We need to validate if data in Get api response is equal to the last updated or created booking request&quot;, &quot;Optional[First Solution of Task 2 using multiple test scenarios]&quot;](1)" classname="test.missionMarsTests.cucumber.CucumberTask2TestRunner" time="9.274">
    <system-out><![CDATA[
Scenario Outline: We need to validate if data in Get api response is equal to the last updated or created booking request &amp#27;[90m# src/main/resources/features/firstSolution.feature:18&amp#27;[0m
Request method:	POST
Request URI:	https://restful-booker.herokuapp.com/auth
Proxy:			<none>
Request params:	<none>
Query params:	<none>
Form params:	<none>
Path params:	<none>
Headers:		Accept=*/*
				Content-Type=application/json; charset=UTF-8
Cookies:		<none>
Multiparts:		<none>
Body:
{
    "username": "admin",
    "password": "password123"
}
HTTP/1.1 200 OK
Server: Cowboy
Connection: keep-alive
X-Powered-By: Express
Content-Type: application/json; charset=utf-8
Content-Length: 27
Etag: W/"1b-7FBM9D1UBaVTcy9YcJQQnIp+dG0"
Date: Fri, 12 Feb 2021 16:07:51 GMT
Via: 1.1 vegur

{
    "token": "a61538b246d2292"
}
  &amp#27;[32mGiven &amp#27;[0m&amp#27;[32mValid Auth token is created successfully&amp#27;[0m                                                                          &amp#27;[90m# main.java.cucumber.stepDefinitions.firstSolutionStepDefs.AuthStepDefs.validAuthTokenIsCreatedSuccessfully()&amp#27;[0m
  &amp#27;[32mGiven &amp#27;[0m&amp#27;[32mwe have &amp#27;[0m&amp#27;[32m&amp#27;[1m'2021-02-18'&amp#27;[0m&amp#27;[32m and &amp#27;[0m&amp#27;[32m&amp#27;[1m'2021-02-28'&amp#27;[0m&amp#27;[32m dates of astronaut &amp#27;[0m&amp#27;[32m&amp#27;[1m'Roger'&amp#27;[0m&amp#27;[32m and &amp#27;[0m&amp#27;[32m&amp#27;[1m'Pillai'&amp#27;[0m                                     &amp#27;[90m# main.java.cucumber.stepDefinitions.firstSolutionStepDefs.BookAndUpdateStepDefs.weHaveCheckinAndCheckoutDatesOfAstronautFirstnameAndLastname(java.lang.String,java.lang.String,java.lang.String,java.lang.String)&amp#27;[0m
  &amp#27;[32mAnd &amp#27;[0m&amp#27;[32mour astronaut has paid &amp#27;[0m&amp#27;[32m&amp#27;[1m'false'&amp#27;[0m&amp#27;[32m and has additional choice for &amp#27;[0m&amp#27;[32m&amp#27;[1m'Hot Chocolate'&amp#27;[0m&amp#27;[32m and agreed to pay &amp#27;[0m&amp#27;[32m&amp#27;[1m'500'&amp#27;[0m                &amp#27;[90m# main.java.cucumber.stepDefinitions.firstSolutionStepDefs.BookAndUpdateStepDefs.ourAstronautHasPaidDepositpaidAndHasAdditionalChoiceForAdditionalneedsAndAgreedToPayTotalprice(java.lang.String,java.lang.String,java.lang.String)&amp#27;[0m
Request method:	POST
Request URI:	https://restful-booker.herokuapp.com/booking
Proxy:			<none>
Request params:	<none>
Query params:	<none>
Form params:	<none>
Path params:	<none>
Headers:		Accept=*/*
				Content-Type=application/json; charset=UTF-8
Cookies:		<none>
Multiparts:		<none>
Body:
{
    "firstname": "Roger",
    "lastname": "Pillai",
    "bookingdates": {
        "checkin": "2021-02-18",
        "checkout": "2021-02-28"
    },
    "totalprice": 500,
    "additionalneeds": "Hot Chocolate",
    "depositpaid": false
}
HTTP/1.1 200 OK
Server: Cowboy
Connection: keep-alive
X-Powered-By: Express
Content-Type: application/json; charset=utf-8
Content-Length: 203
Etag: W/"cb-QgLXs2pMJK1tQJvTw8/0rkeoMdU"
Date: Fri, 12 Feb 2021 16:07:55 GMT
Via: 1.1 vegur

{
    "bookingid": 12,
    "booking": {
        "firstname": "Roger",
        "lastname": "Pillai",
        "totalprice": 500,
        "depositpaid": false,
        "bookingdates": {
            "checkin": "2021-02-18",
            "checkout": "2021-02-28"
        },
        "additionalneeds": "Hot Chocolate"
    }
}
  &amp#27;[32mWhen &amp#27;[0m&amp#27;[32mwe &amp#27;[0m&amp#27;[32m&amp#27;[1m'create'&amp#27;[0m&amp#27;[32m bookings for our astronauts&amp#27;[0m                                                                            &amp#27;[90m# main.java.cucumber.stepDefinitions.firstSolutionStepDefs.BookAndUpdateStepDefs.weActionBookingsForOurAstronauts(java.lang.String)&amp#27;[0m
  &amp#27;[32mThen &amp#27;[0m&amp#27;[32mwe should get HTTP response code &amp#27;[0m&amp#27;[32m&amp#27;[1m200&amp#27;[0m                                                                               &amp#27;[90m# main.java.cucumber.stepDefinitions.firstSolutionStepDefs.CommonStepDefs.weShouldGetHTTPResponseCode(int)&amp#27;[0m
  &amp#27;[32mAnd &amp#27;[0m&amp#27;[32mresponse should have &amp#27;[0m&amp#27;[32m&amp#27;[1m"bookingid"&amp#27;[0m&amp#27;[32m non null&amp#27;[0m                                                                           &amp#27;[90m# main.java.cucumber.stepDefinitions.firstSolutionStepDefs.BookAndUpdateStepDefs.responseShouldHaveNonNull(java.lang.String)&amp#27;[0m
  &amp#27;[32mAnd &amp#27;[0m&amp#27;[32mwe shall get data in response equal to the request we made for &amp#27;[0m&amp#27;[32m&amp#27;[1m'create'&amp#27;[0m                                             &amp#27;[90m# main.java.cucumber.stepDefinitions.firstSolutionStepDefs.CommonStepDefs.theDataGivenInResponseBodyMustBeEqualToTheDataInActionRequest(java.lang.String)&amp#27;[0m
Request method:	GET
Request URI:	https://restful-booker.herokuapp.com/booking/12
Proxy:			<none>
Request params:	<none>
Query params:	<none>
Form params:	<none>
Path params:	<none>
Headers:		Cookie=token=a61538b246d2292
				Accept=*/*
				Content-Type=application/json; charset=UTF-8
Cookies:		<none>
Multiparts:		<none>
Body:			<none>
HTTP/1.1 200 OK
Server: Cowboy
Connection: keep-alive
X-Powered-By: Express
Content-Type: application/json; charset=utf-8
Content-Length: 176
Etag: W/"b0-gCeMwtlej4Fy1EoBHUVqTUTfR4s"
Date: Fri, 12 Feb 2021 16:07:56 GMT
Via: 1.1 vegur

{
    "firstname": "Roger",
    "lastname": "Pillai",
    "totalprice": 500,
    "depositpaid": false,
    "bookingdates": {
        "checkin": "2021-02-18",
        "checkout": "2021-02-28"
    },
    "additionalneeds": "Hot Chocolate"
}
  &amp#27;[32mWhen &amp#27;[0m&amp#27;[32mwe make a call to GetBookings API with bookingId&amp#27;[0m                                                                   &amp#27;[90m# main.java.cucumber.stepDefinitions.firstSolutionStepDefs.GetBookingStepDefs.weMakeACallToGetBookingsAPI()&amp#27;[0m
  &amp#27;[32mThen &amp#27;[0m&amp#27;[32mdata given in response body should be equal to the last actual data from &amp#27;[0m&amp#27;[32m&amp#27;[1m'create'&amp#27;[0m&amp#27;[32m event&amp#27;[0m                            &amp#27;[90m# main.java.cucumber.stepDefinitions.firstSolutionStepDefs.CommonStepDefs.dataGivenInResponseBodyShouldBeEqualToTheLastActualDataFromActionEvent(java.lang.String)&amp#27;[0m
]]></system-out>
    <system-err><![CDATA[[main] INFO main.java.api.auth.AuthApi - Sending request: 
[main] INFO main.java.api.booking.CreateBookingApi - Sending request: 
[main] INFO main.java.api.booking.GetBookingApi - Sending request: 
]]></system-err>
  </testcase>
  <testcase name="runScenario[&quot;We need to validate if data in Get api response is equal to the last updated or created booking request&quot;, &quot;Optional[First Solution of Task 2 using multiple test scenarios]&quot;](2)" classname="test.missionMarsTests.cucumber.CucumberTask2TestRunner" time="7.255">
    <system-out><![CDATA[
Scenario Outline: We need to validate if data in Get api response is equal to the last updated or created booking request &amp#27;[90m# src/main/resources/features/firstSolution.feature:19&amp#27;[0m
Request method:	POST
Request URI:	https://restful-booker.herokuapp.com/auth
Proxy:			<none>
Request params:	<none>
Query params:	<none>
Form params:	<none>
Path params:	<none>
Headers:		Accept=*/*
				Content-Type=application/json; charset=UTF-8
Cookies:		<none>
Multiparts:		<none>
Body:
{
    "username": "admin",
    "password": "password123"
}
HTTP/1.1 200 OK
Server: Cowboy
Connection: keep-alive
X-Powered-By: Express
Content-Type: application/json; charset=utf-8
Content-Length: 27
Etag: W/"1b-AFRvC/eiPpUQFwOS5D32E8TlJ1E"
Date: Fri, 12 Feb 2021 16:07:58 GMT
Via: 1.1 vegur

{
    "token": "f1df08454a83088"
}
  &amp#27;[32mGiven &amp#27;[0m&amp#27;[32mValid Auth token is created successfully&amp#27;[0m                                                                          &amp#27;[90m# main.java.cucumber.stepDefinitions.firstSolutionStepDefs.AuthStepDefs.validAuthTokenIsCreatedSuccessfully()&amp#27;[0m
  &amp#27;[32mGiven &amp#27;[0m&amp#27;[32mwe have &amp#27;[0m&amp#27;[32m&amp#27;[1m'2021-02-18'&amp#27;[0m&amp#27;[32m and &amp#27;[0m&amp#27;[32m&amp#27;[1m'2021-02-28'&amp#27;[0m&amp#27;[32m dates of astronaut &amp#27;[0m&amp#27;[32m&amp#27;[1m'Roger'&amp#27;[0m&amp#27;[32m and &amp#27;[0m&amp#27;[32m&amp#27;[1m'Pillai'&amp#27;[0m                                     &amp#27;[90m# main.java.cucumber.stepDefinitions.firstSolutionStepDefs.BookAndUpdateStepDefs.weHaveCheckinAndCheckoutDatesOfAstronautFirstnameAndLastname(java.lang.String,java.lang.String,java.lang.String,java.lang.String)&amp#27;[0m
  &amp#27;[32mAnd &amp#27;[0m&amp#27;[32mour astronaut has paid &amp#27;[0m&amp#27;[32m&amp#27;[1m'true'&amp#27;[0m&amp#27;[32m and has additional choice for &amp#27;[0m&amp#27;[32m&amp#27;[1m'Hot Chocolate'&amp#27;[0m&amp#27;[32m and agreed to pay &amp#27;[0m&amp#27;[32m&amp#27;[1m'500'&amp#27;[0m                 &amp#27;[90m# main.java.cucumber.stepDefinitions.firstSolutionStepDefs.BookAndUpdateStepDefs.ourAstronautHasPaidDepositpaidAndHasAdditionalChoiceForAdditionalneedsAndAgreedToPayTotalprice(java.lang.String,java.lang.String,java.lang.String)&amp#27;[0m
Request method:	GET
Request URI:	https://restful-booker.herokuapp.com/booking?firstname=Roger&lastname=Pillai
Proxy:			<none>
Request params:	<none>
Query params:	firstname=Roger
				lastname=Pillai
Form params:	<none>
Path params:	<none>
Headers:		Accept=*/*
				Content-Type=application/json; charset=UTF-8
Cookies:		<none>
Multiparts:		<none>
Body:			<none>
HTTP/1.1 200 OK
Server: Cowboy
Connection: keep-alive
X-Powered-By: Express
Content-Type: application/json; charset=utf-8
Content-Length: 18
Etag: W/"12-B1FDHQy55Vx+mYiWn205cGReR78"
Date: Fri, 12 Feb 2021 16:08:00 GMT
Via: 1.1 vegur

[
    {
        "bookingid": 12
    }
]
Request method:	PUT
Request URI:	https://restful-booker.herokuapp.com/booking/12
Proxy:			<none>
Request params:	<none>
Query params:	<none>
Form params:	<none>
Path params:	<none>
Headers:		Cookie=token=f1df08454a83088
				Accept=*/*
				Content-Type=application/json; charset=UTF-8
Cookies:		<none>
Multiparts:		<none>
Body:
{
    "firstname": "Roger",
    "lastname": "Pillai",
    "bookingdates": {
        "checkin": "2021-02-18",
        "checkout": "2021-02-28"
    },
    "totalprice": 500,
    "additionalneeds": "Hot Chocolate",
    "depositpaid": true
}
HTTP/1.1 200 OK
Server: Cowboy
Connection: keep-alive
X-Powered-By: Express
Content-Type: application/json; charset=utf-8
Content-Length: 175
Etag: W/"af-+Vtzug1QxMp+xc35koI1/XIWbAw"
Date: Fri, 12 Feb 2021 16:08:02 GMT
Via: 1.1 vegur

{
    "firstname": "Roger",
    "lastname": "Pillai",
    "totalprice": 500,
    "depositpaid": true,
    "bookingdates": {
        "checkin": "2021-02-18",
        "checkout": "2021-02-28"
    },
    "additionalneeds": "Hot Chocolate"
}
  &amp#27;[32mWhen &amp#27;[0m&amp#27;[32mwe &amp#27;[0m&amp#27;[32m&amp#27;[1m'update'&amp#27;[0m&amp#27;[32m bookings for our astronauts&amp#27;[0m                                                                            &amp#27;[90m# main.java.cucumber.stepDefinitions.firstSolutionStepDefs.BookAndUpdateStepDefs.weActionBookingsForOurAstronauts(java.lang.String)&amp#27;[0m
  &amp#27;[32mThen &amp#27;[0m&amp#27;[32mwe should get HTTP response code &amp#27;[0m&amp#27;[32m&amp#27;[1m200&amp#27;[0m                                                                               &amp#27;[90m# main.java.cucumber.stepDefinitions.firstSolutionStepDefs.CommonStepDefs.weShouldGetHTTPResponseCode(int)&amp#27;[0m
  &amp#27;[32mAnd &amp#27;[0m&amp#27;[32mresponse should have &amp#27;[0m&amp#27;[32m&amp#27;[1m"bookingid"&amp#27;[0m&amp#27;[32m non null&amp#27;[0m                                                                           &amp#27;[90m# main.java.cucumber.stepDefinitions.firstSolutionStepDefs.BookAndUpdateStepDefs.responseShouldHaveNonNull(java.lang.String)&amp#27;[0m
  &amp#27;[32mAnd &amp#27;[0m&amp#27;[32mwe shall get data in response equal to the request we made for &amp#27;[0m&amp#27;[32m&amp#27;[1m'update'&amp#27;[0m                                             &amp#27;[90m# main.java.cucumber.stepDefinitions.firstSolutionStepDefs.CommonStepDefs.theDataGivenInResponseBodyMustBeEqualToTheDataInActionRequest(java.lang.String)&amp#27;[0m
Request method:	GET
Request URI:	https://restful-booker.herokuapp.com/booking/12
Proxy:			<none>
Request params:	<none>
Query params:	<none>
Form params:	<none>
Path params:	<none>
Headers:		Cookie=token=f1df08454a83088
				Accept=*/*
				Content-Type=application/json; charset=UTF-8
Cookies:		<none>
Multiparts:		<none>
Body:			<none>
HTTP/1.1 200 OK
Server: Cowboy
Connection: keep-alive
X-Powered-By: Express
Content-Type: application/json; charset=utf-8
Content-Length: 175
Etag: W/"af-+Vtzug1QxMp+xc35koI1/XIWbAw"
Date: Fri, 12 Feb 2021 16:08:03 GMT
Via: 1.1 vegur

{
    "firstname": "Roger",
    "lastname": "Pillai",
    "totalprice": 500,
    "depositpaid": true,
    "bookingdates": {
        "checkin": "2021-02-18",
        "checkout": "2021-02-28"
    },
    "additionalneeds": "Hot Chocolate"
}
  &amp#27;[32mWhen &amp#27;[0m&amp#27;[32mwe make a call to GetBookings API with bookingId&amp#27;[0m                                                                   &amp#27;[90m# main.java.cucumber.stepDefinitions.firstSolutionStepDefs.GetBookingStepDefs.weMakeACallToGetBookingsAPI()&amp#27;[0m
  &amp#27;[32mThen &amp#27;[0m&amp#27;[32mdata given in response body should be equal to the last actual data from &amp#27;[0m&amp#27;[32m&amp#27;[1m'update'&amp#27;[0m&amp#27;[32m event&amp#27;[0m                            &amp#27;[90m# main.java.cucumber.stepDefinitions.firstSolutionStepDefs.CommonStepDefs.dataGivenInResponseBodyShouldBeEqualToTheLastActualDataFromActionEvent(java.lang.String)&amp#27;[0m
]]></system-out>
    <system-err><![CDATA[[main] INFO main.java.api.auth.AuthApi - Sending request: 
[main] INFO main.java.api.booking.GetBookingIdApi - Sending request: 
[main] INFO main.java.api.booking.UpdateBookingApi - Sending request: 
[main] INFO main.java.api.booking.GetBookingApi - Sending request: 
]]></system-err>
  </testcase>
  <testcase name="runScenario[&quot;Get and delete the bookings for our astronauts&quot;, &quot;Optional[First Solution of Task 2 using multiple test scenarios]&quot;](3)" classname="test.missionMarsTests.cucumber.CucumberTask2TestRunner" time="6.973">
    <system-out><![CDATA[
Scenario Outline: Get and delete the bookings for our astronauts      &amp#27;[90m# src/main/resources/features/firstSolution.feature:31&amp#27;[0m
Request method:	POST
Request URI:	https://restful-booker.herokuapp.com/auth
Proxy:			<none>
Request params:	<none>
Query params:	<none>
Form params:	<none>
Path params:	<none>
Headers:		Accept=*/*
				Content-Type=application/json; charset=UTF-8
Cookies:		<none>
Multiparts:		<none>
Body:
{
    "username": "admin",
    "password": "password123"
}
HTTP/1.1 200 OK
Server: Cowboy
Connection: keep-alive
X-Powered-By: Express
Content-Type: application/json; charset=utf-8
Content-Length: 27
Etag: W/"1b-abCdPjenwa6TwUkEqXB7eQOaBxQ"
Date: Fri, 12 Feb 2021 16:08:05 GMT
Via: 1.1 vegur

{
    "token": "35b6ef885fcc566"
}
  &amp#27;[32mGiven &amp#27;[0m&amp#27;[32mValid Auth token is created successfully&amp#27;[0m                      &amp#27;[90m# main.java.cucumber.stepDefinitions.firstSolutionStepDefs.AuthStepDefs.validAuthTokenIsCreatedSuccessfully()&amp#27;[0m
Request method:	GET
Request URI:	https://restful-booker.herokuapp.com/booking?firstname=Roger&lastname=Pillai
Proxy:			<none>
Request params:	<none>
Query params:	firstname=Roger
				lastname=Pillai
Form params:	<none>
Path params:	<none>
Headers:		Accept=*/*
				Content-Type=application/json; charset=UTF-8
Cookies:		<none>
Multiparts:		<none>
Body:			<none>
HTTP/1.1 200 OK
Server: Cowboy
Connection: keep-alive
X-Powered-By: Express
Content-Type: application/json; charset=utf-8
Content-Length: 18
Etag: W/"12-B1FDHQy55Vx+mYiWn205cGReR78"
Date: Fri, 12 Feb 2021 16:08:07 GMT
Via: 1.1 vegur

[
    {
        "bookingid": 12
    }
]
  &amp#27;[32mGiven &amp#27;[0m&amp#27;[32mwe have &amp#27;[0m&amp#27;[32m&amp#27;[1m'Roger'&amp#27;[0m&amp#27;[32m and &amp#27;[0m&amp#27;[32m&amp#27;[1m'Pillai'&amp#27;[0m&amp#27;[32m and bookingIds of our astronauts&amp#27;[0m &amp#27;[90m# main.java.cucumber.stepDefinitions.firstSolutionStepDefs.GetAndDeleteStepDefs.weHaveFirstnameAndLastnameOfOurAstronauts(java.lang.String,java.lang.String)&amp#27;[0m
Request method:	DELETE
Request URI:	https://restful-booker.herokuapp.com/booking/12
Proxy:			<none>
Request params:	<none>
Query params:	<none>
Form params:	<none>
Path params:	<none>
Headers:		Cookie=token=35b6ef885fcc566
				Accept=*/*
				Content-Type=application/json; charset=UTF-8
Cookies:		<none>
Multiparts:		<none>
Body:			<none>
HTTP/1.1 201 Created
Server: Cowboy
Connection: keep-alive
X-Powered-By: Express
Content-Type: text/plain; charset=utf-8
Content-Length: 7
Etag: W/"7-rM9AyJuqT6iOan/xHh+AW+7K/T8"
Date: Fri, 12 Feb 2021 16:08:09 GMT
Via: 1.1 vegur

Created
  &amp#27;[32mWhen &amp#27;[0m&amp#27;[32mwe delete these bookings by their ID&amp#27;[0m                           &amp#27;[90m# main.java.cucumber.stepDefinitions.firstSolutionStepDefs.GetAndDeleteStepDefs.weDeleteTheseBookingsByTheirID()&amp#27;[0m
  &amp#27;[32mThen &amp#27;[0m&amp#27;[32mwe should get HTTP response code &amp#27;[0m&amp#27;[32m&amp#27;[1m201&amp#27;[0m                           &amp#27;[90m# main.java.cucumber.stepDefinitions.firstSolutionStepDefs.CommonStepDefs.weShouldGetHTTPResponseCode(int)&amp#27;[0m
  &amp#27;[32mAnd &amp#27;[0m&amp#27;[32mresponse should be equal to &amp#27;[0m&amp#27;[32m&amp#27;[1m"Created"&amp#27;[0m                           &amp#27;[90m# main.java.cucumber.stepDefinitions.firstSolutionStepDefs.CommonStepDefs.responseShouldBeBlank(java.lang.String)&amp#27;[0m
Request method:	GET
Request URI:	https://restful-booker.herokuapp.com/booking/12
Proxy:			<none>
Request params:	<none>
Query params:	<none>
Form params:	<none>
Path params:	<none>
Headers:		Cookie=token=35b6ef885fcc566
				Accept=*/*
				Content-Type=application/json; charset=UTF-8
Cookies:		<none>
Multiparts:		<none>
Body:			<none>
HTTP/1.1 404 Not Found
Server: Cowboy
Connection: keep-alive
X-Powered-By: Express
Content-Type: text/plain; charset=utf-8
Content-Length: 9
Etag: W/"9-0gXL1ngzMqISxa6S1zx3F4wtLyg"
Date: Fri, 12 Feb 2021 16:08:11 GMT
Via: 1.1 vegur

Not Found
  &amp#27;[32mWhen &amp#27;[0m&amp#27;[32mwe make a call to GetBookings API with bookingId&amp#27;[0m               &amp#27;[90m# main.java.cucumber.stepDefinitions.firstSolutionStepDefs.GetBookingStepDefs.weMakeACallToGetBookingsAPI()&amp#27;[0m
  &amp#27;[32mThen &amp#27;[0m&amp#27;[32mwe should get HTTP response code &amp#27;[0m&amp#27;[32m&amp#27;[1m404&amp#27;[0m                           &amp#27;[90m# main.java.cucumber.stepDefinitions.firstSolutionStepDefs.CommonStepDefs.weShouldGetHTTPResponseCode(int)&amp#27;[0m
]]></system-out>
    <system-err><![CDATA[[main] INFO main.java.api.auth.AuthApi - Sending request: 
[main] INFO main.java.api.booking.GetBookingIdApi - Sending request: 
[main] INFO main.java.api.booking.DeleteApi - Sending request: 
[main] INFO main.java.api.booking.GetBookingApi - Sending request: 
]]></system-err>
  </testcase>
  <testcase name="runScenario[&quot;End to end booking flow for our Billie Mars astronaut based on Task 2 requirements&quot;, &quot;Optional[Second solution of Task 2 with end to end CRUD operation in one scenario]&quot;](4)" classname="test.missionMarsTests.cucumber.CucumberTask2TestRunner" time="12.474">
    <system-out><![CDATA[
Scenario: End to end booking flow for our Billie Mars astronaut based on Task 2 requirements       &amp#27;[90m# src/main/resources/features/secondSolution.feature:3&amp#27;[0m
Request method:	POST
Request URI:	https://restful-booker.herokuapp.com/auth
Proxy:			<none>
Request params:	<none>
Query params:	<none>
Form params:	<none>
Path params:	<none>
Headers:		Accept=*/*
				Content-Type=application/json; charset=UTF-8
Cookies:		<none>
Multiparts:		<none>
Body:
{
    "username": "admin",
    "password": "password123"
}
HTTP/1.1 200 OK
Server: Cowboy
Connection: keep-alive
X-Powered-By: Express
Content-Type: application/json; charset=utf-8
Content-Length: 27
Etag: W/"1b-jdGVE0a2UOyB6bISdkHDmx+h+TE"
Date: Fri, 12 Feb 2021 16:08:12 GMT
Via: 1.1 vegur

{
    "token": "d194a7b50284dff"
}
  &amp#27;[32mGiven &amp#27;[0m&amp#27;[32mour astronaut is an authorised user and has following request details available to proceed&amp#27;[0m &amp#27;[90m# main.java.cucumber.stepDefinitions.secondSolutionStepDefs.TaskSolutionSingleStepDefs.ourAstronautIsAnAuthorisedUserAndHasFollowingRequestDetailsAvailableToProceed()&amp#27;[0m
Request method:	POST
Request URI:	https://restful-booker.herokuapp.com/booking
Proxy:			<none>
Request params:	<none>
Query params:	<none>
Form params:	<none>
Path params:	<none>
Headers:		Accept=*/*
				Content-Type=application/json; charset=UTF-8
Cookies:		<none>
Multiparts:		<none>
Body:
{
    "firstname": "Solomon",
    "lastname": "Northup",
    "bookingdates": {
        "checkin": "2021-02-18",
        "checkout": "2021-02-28"
    },
    "totalprice": 1200,
    "additionalneeds": "Hot Chocolate",
    "depositpaid": false
}
HTTP/1.1 200 OK
Server: Cowboy
Connection: keep-alive
X-Powered-By: Express
Content-Type: application/json; charset=utf-8
Content-Length: 207
Etag: W/"cf-R6sZ1uuXLbvXkLz1bOy3ehhd4Lw"
Date: Fri, 12 Feb 2021 16:08:14 GMT
Via: 1.1 vegur

{
    "bookingid": 13,
    "booking": {
        "firstname": "Solomon",
        "lastname": "Northup",
        "totalprice": 1200,
        "depositpaid": false,
        "bookingdates": {
            "checkin": "2021-02-18",
            "checkout": "2021-02-28"
        },
        "additionalneeds": "Hot Chocolate"
    }
}
Request method:	POST
Request URI:	https://restful-booker.herokuapp.com/booking
Proxy:			<none>
Request params:	<none>
Query params:	<none>
Form params:	<none>
Path params:	<none>
Headers:		Accept=*/*
				Content-Type=application/json; charset=UTF-8
Cookies:		<none>
Multiparts:		<none>
Body:
{
    "firstname": "Billie",
    "lastname": "Martian",
    "bookingdates": {
        "checkin": "2021-02-18",
        "checkout": "2021-02-28"
    },
    "totalprice": 1200,
    "additionalneeds": "Samosa with tea",
    "depositpaid": true
}
HTTP/1.1 200 OK
Server: Cowboy
Connection: keep-alive
X-Powered-By: Express
Content-Type: application/json; charset=utf-8
Content-Length: 207
Etag: W/"cf-VaHT6vlTWe/BaxWEo7c619NXUAs"
Date: Fri, 12 Feb 2021 16:08:16 GMT
Via: 1.1 vegur

{
    "bookingid": 14,
    "booking": {
        "firstname": "Billie",
        "lastname": "Martian",
        "totalprice": 1200,
        "depositpaid": true,
        "bookingdates": {
            "checkin": "2021-02-18",
            "checkout": "2021-02-28"
        },
        "additionalneeds": "Samosa with tea"
    }
}
  &amp#27;[32mWhen &amp#27;[0m&amp#27;[32mwe perform &amp#27;[0m&amp#27;[32m&amp#27;[1m"create"&amp#27;[0m&amp#27;[32m booking request to the restful-booker App with following data&amp#27;[0m           &amp#27;[90m# main.java.cucumber.stepDefinitions.secondSolutionStepDefs.TaskSolutionSingleStepDefs.wePerformBookingRequestToTheRestfulBookerApp(java.lang.String,io.cucumber.datatable.DataTable)&amp#27;[0m
  &amp#27;[32mThen &amp#27;[0m&amp#27;[32mresponse should have HTTP status code &amp#27;[0m&amp#27;[32m&amp#27;[1m200&amp#27;[0m                                                   &amp#27;[90m# main.java.cucumber.stepDefinitions.secondSolutionStepDefs.TaskSolutionSingleStepDefs.responseShouldHaveHTTPStatusCode(int)&amp#27;[0m
  &amp#27;[32mAnd &amp#27;[0m&amp#27;[32mresponse should have &amp#27;[0m&amp#27;[32m&amp#27;[1m"bookingid"&amp#27;[0m&amp#27;[32m and it should not be null&amp#27;[0m                                   &amp#27;[90m# main.java.cucumber.stepDefinitions.secondSolutionStepDefs.TaskSolutionSingleStepDefs.responseShouldHaveAndItShouldNotBeNull(java.lang.String)&amp#27;[0m
  &amp#27;[32mAnd &amp#27;[0m&amp#27;[32mdata given in response body should be equal to the data in &amp#27;[0m&amp#27;[32m&amp#27;[1m"create"&amp#27;[0m&amp#27;[32m request&amp#27;[0m                  &amp#27;[90m# main.java.cucumber.stepDefinitions.secondSolutionStepDefs.TaskSolutionSingleStepDefs.dataGivenInResponseBodyShouldBeEqualToTheDataInRequest(java.lang.String)&amp#27;[0m
Request method:	PUT
Request URI:	https://restful-booker.herokuapp.com/booking/13
Proxy:			<none>
Request params:	<none>
Query params:	<none>
Form params:	<none>
Path params:	<none>
Headers:		Cookie=token=d194a7b50284dff
				Accept=*/*
				Content-Type=application/json; charset=UTF-8
Cookies:		<none>
Multiparts:		<none>
Body:
{
    "firstname": "Solomon",
    "lastname": "Northup",
    "bookingdates": {
        "checkin": "2021-02-18",
        "checkout": "2021-03-01"
    },
    "totalprice": 1200,
    "additionalneeds": "Need rover to carry luggage",
    "depositpaid": true
}
HTTP/1.1 200 OK
Server: Cowboy
Connection: keep-alive
X-Powered-By: Express
Content-Type: application/json; charset=utf-8
Content-Length: 193
Etag: W/"c1-dIcBAATUAhkXDDYe8yu77ENGK7k"
Date: Fri, 12 Feb 2021 16:08:17 GMT
Via: 1.1 vegur

{
    "firstname": "Solomon",
    "lastname": "Northup",
    "totalprice": 1200,
    "depositpaid": true,
    "bookingdates": {
        "checkin": "2021-02-18",
        "checkout": "2021-03-01"
    },
    "additionalneeds": "Need rover to carry luggage"
}
  &amp#27;[32mWhen &amp#27;[0m&amp#27;[32mwe perform &amp#27;[0m&amp#27;[32m&amp#27;[1m"update"&amp#27;[0m&amp#27;[32m booking request to the restful-booker App with following data&amp#27;[0m           &amp#27;[90m# main.java.cucumber.stepDefinitions.secondSolutionStepDefs.TaskSolutionSingleStepDefs.wePerformBookingRequestToTheRestfulBookerApp(java.lang.String,io.cucumber.datatable.DataTable)&amp#27;[0m
  &amp#27;[32mThen &amp#27;[0m&amp#27;[32mresponse should have HTTP status code &amp#27;[0m&amp#27;[32m&amp#27;[1m200&amp#27;[0m                                                   &amp#27;[90m# main.java.cucumber.stepDefinitions.secondSolutionStepDefs.TaskSolutionSingleStepDefs.responseShouldHaveHTTPStatusCode(int)&amp#27;[0m
  &amp#27;[32mAnd &amp#27;[0m&amp#27;[32mdata given in response body should be equal to the data in &amp#27;[0m&amp#27;[32m&amp#27;[1m"update"&amp#27;[0m&amp#27;[32m request&amp#27;[0m                  &amp#27;[90m# main.java.cucumber.stepDefinitions.secondSolutionStepDefs.TaskSolutionSingleStepDefs.dataGivenInResponseBodyShouldBeEqualToTheDataInRequest(java.lang.String)&amp#27;[0m
Request method:	GET
Request URI:	https://restful-booker.herokuapp.com/booking/13
Proxy:			<none>
Request params:	<none>
Query params:	<none>
Form params:	<none>
Path params:	<none>
Headers:		Cookie=token=d194a7b50284dff
				Accept=*/*
				Content-Type=application/json; charset=UTF-8
Cookies:		<none>
Multiparts:		<none>
Body:			<none>
HTTP/1.1 200 OK
Server: Cowboy
Connection: keep-alive
X-Powered-By: Express
Content-Type: application/json; charset=utf-8
Content-Length: 193
Etag: W/"c1-dIcBAATUAhkXDDYe8yu77ENGK7k"
Date: Fri, 12 Feb 2021 16:08:20 GMT
Via: 1.1 vegur

{
    "firstname": "Solomon",
    "lastname": "Northup",
    "totalprice": 1200,
    "depositpaid": true,
    "bookingdates": {
        "checkin": "2021-02-18",
        "checkout": "2021-03-01"
    },
    "additionalneeds": "Need rover to carry luggage"
}
  &amp#27;[32mWhen &amp#27;[0m&amp#27;[32mwe &amp#27;[0m&amp#27;[32m&amp#27;[1m"GET"&amp#27;[0m&amp#27;[32m the created booking by booking Id&amp#27;[0m                                                  &amp#27;[90m# main.java.cucumber.stepDefinitions.secondSolutionStepDefs.TaskSolutionSingleStepDefs.weTheCreatedBookingByBookingId(java.lang.String)&amp#27;[0m
  &amp#27;[32mThen &amp#27;[0m&amp#27;[32mresponse should have HTTP status code &amp#27;[0m&amp#27;[32m&amp#27;[1m200&amp#27;[0m                                                   &amp#27;[90m# main.java.cucumber.stepDefinitions.secondSolutionStepDefs.TaskSolutionSingleStepDefs.responseShouldHaveHTTPStatusCode(int)&amp#27;[0m
  &amp#27;[32mAnd &amp#27;[0m&amp#27;[32mdata given in response body should be equal to the data in &amp#27;[0m&amp#27;[32m&amp#27;[1m"update"&amp#27;[0m&amp#27;[32m request&amp#27;[0m                  &amp#27;[90m# main.java.cucumber.stepDefinitions.secondSolutionStepDefs.TaskSolutionSingleStepDefs.dataGivenInResponseBodyShouldBeEqualToTheDataInRequest(java.lang.String)&amp#27;[0m
Request method:	DELETE
Request URI:	https://restful-booker.herokuapp.com/booking/13
Proxy:			<none>
Request params:	<none>
Query params:	<none>
Form params:	<none>
Path params:	<none>
Headers:		Cookie=token=d194a7b50284dff
				Accept=*/*
				Content-Type=application/json; charset=UTF-8
Cookies:		<none>
Multiparts:		<none>
Body:			<none>
HTTP/1.1 201 Created
Server: Cowboy
Connection: keep-alive
X-Powered-By: Express
Content-Type: text/plain; charset=utf-8
Content-Length: 7
Etag: W/"7-rM9AyJuqT6iOan/xHh+AW+7K/T8"
Date: Fri, 12 Feb 2021 16:08:21 GMT
Via: 1.1 vegur

Created
  &amp#27;[32mWhen &amp#27;[0m&amp#27;[32mwe &amp#27;[0m&amp#27;[32m&amp#27;[1m"DELETE"&amp#27;[0m&amp#27;[32m the created booking by booking Id&amp#27;[0m                                               &amp#27;[90m# main.java.cucumber.stepDefinitions.secondSolutionStepDefs.TaskSolutionSingleStepDefs.weTheCreatedBookingByBookingId(java.lang.String)&amp#27;[0m
  &amp#27;[32mAnd &amp#27;[0m&amp#27;[32mresponse should have HTTP status code &amp#27;[0m&amp#27;[32m&amp#27;[1m201&amp#27;[0m                                                    &amp#27;[90m# main.java.cucumber.stepDefinitions.secondSolutionStepDefs.TaskSolutionSingleStepDefs.responseShouldHaveHTTPStatusCode(int)&amp#27;[0m
Request method:	GET
Request URI:	https://restful-booker.herokuapp.com/booking/13
Proxy:			<none>
Request params:	<none>
Query params:	<none>
Form params:	<none>
Path params:	<none>
Headers:		Cookie=token=d194a7b50284dff
				Accept=*/*
				Content-Type=application/json; charset=UTF-8
Cookies:		<none>
Multiparts:		<none>
Body:			<none>
HTTP/1.1 404 Not Found
Server: Cowboy
Connection: keep-alive
X-Powered-By: Express
Content-Type: text/plain; charset=utf-8
Content-Length: 9
Etag: W/"9-0gXL1ngzMqISxa6S1zx3F4wtLyg"
Date: Fri, 12 Feb 2021 16:08:23 GMT
Via: 1.1 vegur

Not Found
  &amp#27;[32mWhen &amp#27;[0m&amp#27;[32mwe &amp#27;[0m&amp#27;[32m&amp#27;[1m"GET"&amp#27;[0m&amp#27;[32m the created booking by booking Id&amp#27;[0m                                                  &amp#27;[90m# main.java.cucumber.stepDefinitions.secondSolutionStepDefs.TaskSolutionSingleStepDefs.weTheCreatedBookingByBookingId(java.lang.String)&amp#27;[0m
  &amp#27;[32mAnd &amp#27;[0m&amp#27;[32mresponse should have HTTP status code &amp#27;[0m&amp#27;[32m&amp#27;[1m404&amp#27;[0m                                                    &amp#27;[90m# main.java.cucumber.stepDefinitions.secondSolutionStepDefs.TaskSolutionSingleStepDefs.responseShouldHaveHTTPStatusCode(int)&amp#27;[0m
]]></system-out>
    <system-err><![CDATA[[main] INFO main.java.api.auth.AuthApi - Sending request: 
[main] INFO main.java.api.booking.CreateBookingApi - Sending request: 
[main] INFO main.java.api.booking.CreateBookingApi - Sending request: 
[main] INFO main.java.api.booking.UpdateBookingApi - Sending request: 
[main] INFO main.java.api.booking.GetBookingApi - Sending request: 
[main] INFO main.java.api.booking.DeleteApi - Sending request: 
[main] INFO main.java.api.booking.GetBookingApi - Sending request: 
]]></system-err>
  </testcase>
</testsuite>