<?xml version="1.0" encoding="UTF-8"?>
<testsuite xmlns:xsi="http://www.w3.org/2001/XMLSchema-instance" xsi:noNamespaceSchemaLocation="https://maven.apache.org/surefire/maven-surefire-plugin/xsd/surefire-test-report-3.0.xsd" version="3.0" name="TestSuite" time="17.059" tests="7" errors="0" skipped="0" failures="0">
  <properties>
[...]
</properties>
  <testcase name="createBookingAndValidateResponseHTTPStatusCode200[Oskar, MM, 2021-02-19, 2021-02-21, NA, 0, 1200](1)" classname="test.missionMarsTests.testNG.TestNGSolutionTask2Test" time="2.046">
    <system-out><![CDATA[Request method:	POST
Request URI:	https://restful-booker.herokuapp.com/auth
Proxy:			<none>
Request params:	<none>
Query params:	<none>
Form params:	<none>
Path params:	<none>
Headers:		Accept=*/*
				Content-Type=application/json; charset=UTF-8
Cookies:		<none>
Multiparts:		<none>
Body:
{
    "username": "admin",
    "password": "password123"
}
HTTP/1.1 200 OK
Server: Cowboy
Connection: keep-alive
X-Powered-By: Express
Content-Type: application/json; charset=utf-8
Content-Length: 27
Etag: W/"1b-3IQYleJoSmQ2tVoB1jGFTaM4hls"
Date: Fri, 12 Feb 2021 17:50:16 GMT
Via: 1.1 vegur

{
    "token": "8d97331d63dbdb1"
}
Request method:	POST
Request URI:	https://restful-booker.herokuapp.com/booking
Proxy:			<none>
Request params:	<none>
Query params:	<none>
Form params:	<none>
Path params:	<none>
Headers:		Accept=*/*
				Content-Type=application/json; charset=UTF-8
Cookies:		<none>
Multiparts:		<none>
Body:
{
    "firstname": "Oskar",
    "lastname": "MM",
    "bookingdates": {
        "checkin": "2021-02-19",
        "checkout": "2021-02-21"
    },
    "totalprice": 1200,
    "additionalneeds": "NA",
    "depositpaid": false
}
HTTP/1.1 200 OK
Server: Cowboy
Connection: keep-alive
X-Powered-By: Express
Content-Type: application/json; charset=utf-8
Content-Length: 189
Etag: W/"bd-hiJHgNpddt8p8Xqfk1gVCVrqXOg"
Date: Fri, 12 Feb 2021 17:50:20 GMT
Via: 1.1 vegur

{
    "bookingid": 21,
    "booking": {
        "firstname": "Oskar",
        "lastname": "MM",
        "totalprice": 1200,
        "depositpaid": false,
        "bookingdates": {
            "checkin": "2021-02-19",
            "checkout": "2021-02-21"
        },
        "additionalneeds": "NA"
    }
}
]]></system-out>
    <system-err><![CDATA[[main] INFO main.java.api.auth.AuthApi - Sending request: 
[main] INFO test.missionMarsTests.testNG.TestNGSolutionTask2Test - Auth token fetched successfully
[main] INFO main.java.api.booking.CreateBookingApi - Sending request: 
]]></system-err>
  </testcase>
  <testcase name="verifyThatCreateResponseShouldBeEqualToRequest" classname="test.missionMarsTests.testNG.TestNGSolutionTask2Test" time="0"/>
  <testcase name="updateBookingsAndValidateResponseHTTPStatusCode200" classname="test.missionMarsTests.testNG.TestNGSolutionTask2Test" time="1.803">
    <system-out><![CDATA[Request method:	PUT
Request URI:	https://restful-booker.herokuapp.com/booking/21
Proxy:			<none>
Request params:	<none>
Query params:	<none>
Form params:	<none>
Path params:	<none>
Headers:		Cookie=token=8d97331d63dbdb1
				Accept=*/*
				Content-Type=application/json; charset=UTF-8
Cookies:		<none>
Multiparts:		<none>
Body:
{
    "firstname": "Oskar",
    "lastname": "MM",
    "bookingdates": {
        "checkin": "2021-02-19",
        "checkout": "2021-02-21"
    },
    "totalprice": 1200,
    "additionalneeds": "NA",
    "depositpaid": true
}
HTTP/1.1 200 OK
Server: Cowboy
Connection: keep-alive
X-Powered-By: Express
Content-Type: application/json; charset=utf-8
Content-Length: 161
Etag: W/"a1-76uX1ru5xep4N7FQ7Qu4MdOf8Uk"
Date: Fri, 12 Feb 2021 17:50:22 GMT
Via: 1.1 vegur

{
    "firstname": "Oskar",
    "lastname": "MM",
    "totalprice": 1200,
    "depositpaid": true,
    "bookingdates": {
        "checkin": "2021-02-19",
        "checkout": "2021-02-21"
    },
    "additionalneeds": "NA"
}
]]></system-out>
    <system-err><![CDATA[[main] INFO main.java.api.booking.UpdateBookingApi - Sending request: 
]]></system-err>
  </testcase>
  <testcase name="verifyThatUpdatedResponseShouldBeEqualToRequest" classname="test.missionMarsTests.testNG.TestNGSolutionTask2Test" time="0.001"/>
  <testcase name="retrieveUpdatedBookingsAndAssertResponseWithPreviousEventResponse" classname="test.missionMarsTests.testNG.TestNGSolutionTask2Test" time="1.745">
    <system-out><![CDATA[Request method:	GET
Request URI:	https://restful-booker.herokuapp.com/booking/21
Proxy:			<none>
Request params:	<none>
Query params:	<none>
Form params:	<none>
Path params:	<none>
Headers:		Cookie=token=8d97331d63dbdb1
				Accept=*/*
				Content-Type=application/json; charset=UTF-8
Cookies:		<none>
Multiparts:		<none>
Body:			<none>
HTTP/1.1 200 OK
Server: Cowboy
Connection: keep-alive
X-Powered-By: Express
Content-Type: application/json; charset=utf-8
Content-Length: 161
Etag: W/"a1-76uX1ru5xep4N7FQ7Qu4MdOf8Uk"
Date: Fri, 12 Feb 2021 17:50:24 GMT
Via: 1.1 vegur

{
    "firstname": "Oskar",
    "lastname": "MM",
    "totalprice": 1200,
    "depositpaid": true,
    "bookingdates": {
        "checkin": "2021-02-19",
        "checkout": "2021-02-21"
    },
    "additionalneeds": "NA"
}
]]></system-out>
    <system-err><![CDATA[[main] INFO main.java.api.booking.GetBookingApi - Sending request: 
]]></system-err>
  </testcase>
  <testcase name="deleteBookingsAndValidateResponseHTTPStatusCode201" classname="test.missionMarsTests.testNG.TestNGSolutionTask2Test" time="1.833">
    <system-out><![CDATA[Request method:	DELETE
Request URI:	https://restful-booker.herokuapp.com/booking/21
Proxy:			<none>
Request params:	<none>
Query params:	<none>
Form params:	<none>
Path params:	<none>
Headers:		Cookie=token=8d97331d63dbdb1
				Accept=*/*
				Content-Type=application/json; charset=UTF-8
Cookies:		<none>
Multiparts:		<none>
Body:			<none>
HTTP/1.1 201 Created
Server: Cowboy
Connection: keep-alive
X-Powered-By: Express
Content-Type: text/plain; charset=utf-8
Content-Length: 7
Etag: W/"7-rM9AyJuqT6iOan/xHh+AW+7K/T8"
Date: Fri, 12 Feb 2021 17:50:26 GMT
Via: 1.1 vegur

Created
]]></system-out>
    <system-err><![CDATA[[main] INFO main.java.api.booking.DeleteApi - Sending request: 
]]></system-err>
  </testcase>
  <testcase name="retrieveDeletedBookingsAndValidateResponseCodeHTTPStatusCode404" classname="test.missionMarsTests.testNG.TestNGSolutionTask2Test" time="1.846">
    <system-out><![CDATA[Request method:	GET
Request URI:	https://restful-booker.herokuapp.com/booking/21
Proxy:			<none>
Request params:	<none>
Query params:	<none>
Form params:	<none>
Path params:	<none>
Headers:		Cookie=token=8d97331d63dbdb1
				Accept=*/*
				Content-Type=application/json; charset=UTF-8
Cookies:		<none>
Multiparts:		<none>
Body:			<none>
HTTP/1.1 404 Not Found
Server: Cowboy
Connection: keep-alive
X-Powered-By: Express
Content-Type: text/plain; charset=utf-8
Content-Length: 9
Etag: W/"9-0gXL1ngzMqISxa6S1zx3F4wtLyg"
Date: Fri, 12 Feb 2021 17:50:27 GMT
Via: 1.1 vegur

Not Found
]]></system-out>
    <system-err><![CDATA[[main] INFO main.java.api.booking.GetBookingApi - Sending request: 
]]></system-err>
  </testcase>
</testsuite>